Line 12: Class MSAdodcLib.Adodc of control Adodc4 was not a loaded control class.
Line 227: Class MSAdodcLib.Adodc of control Adodc3 was not a loaded control class.
Line 274: Class MSAdodcLib.Adodc of control Adodc2 was not a loaded control class.
Line 321: Class MSAdodcLib.Adodc of control Adodc1 was not a loaded control class.
Line 18: The property name _ExtentX in Adodc4 is invalid.
Line 19: The property name _ExtentY in Adodc4 is invalid.
Line 20: The property name ConnectMode in Adodc4 is invalid.
Line 21: The property name CursorLocation in Adodc4 is invalid.
Line 22: The property name IsolationLevel in Adodc4 is invalid.
Line 23: The property name ConnectionTimeout in Adodc4 is invalid.
Line 24: The property name CommandTimeout in Adodc4 is invalid.
Line 25: The property name CursorType in Adodc4 is invalid.
Line 26: The property name LockType in Adodc4 is invalid.
Line 27: The property name CommandType in Adodc4 is invalid.
Line 28: The property name CursorOptions in Adodc4 is invalid.
Line 29: The property name CacheSize in Adodc4 is invalid.
Line 30: The property name MaxRecords in Adodc4 is invalid.
Line 31: The property name BOFAction in Adodc4 is invalid.
Line 32: The property name EOFAction in Adodc4 is invalid.
Line 33: The property name ConnectStringType in Adodc4 is invalid.
Line 37: The property name Orientation in Adodc4 is invalid.
Line 39: The property name Connect in Adodc4 is invalid.
Line 40: The property name OLEDBString in Adodc4 is invalid.
Line 41: The property name OLEDBFile in Adodc4 is invalid.
Line 42: The property name DataSourceName in Adodc4 is invalid.
Line 43: The property name OtherAttributes in Adodc4 is invalid.
Line 44: The property name UserName in Adodc4 is invalid.
Line 45: The property name Password in Adodc4 is invalid.
Line 46: The property name RecordSource in Adodc4 is invalid.
Line 47: The property name Caption in Adodc4 is invalid.
Line 57: The property name _Version in Adodc4 is invalid.
Line 233: The property name _ExtentX in Adodc3 is invalid.
Line 234: The property name _ExtentY in Adodc3 is invalid.
Line 235: The property name ConnectMode in Adodc3 is invalid.
Line 236: The property name CursorLocation in Adodc3 is invalid.
Line 237: The property name IsolationLevel in Adodc3 is invalid.
Line 238: The property name ConnectionTimeout in Adodc3 is invalid.
Line 239: The property name CommandTimeout in Adodc3 is invalid.
Line 240: The property name CursorType in Adodc3 is invalid.
Line 241: The property name LockType in Adodc3 is invalid.
Line 242: The property name CommandType in Adodc3 is invalid.
Line 243: The property name CursorOptions in Adodc3 is invalid.
Line 244: The property name CacheSize in Adodc3 is invalid.
Line 245: The property name MaxRecords in Adodc3 is invalid.
Line 246: The property name BOFAction in Adodc3 is invalid.
Line 247: The property name EOFAction in Adodc3 is invalid.
Line 248: The property name ConnectStringType in Adodc3 is invalid.
Line 252: The property name Orientation in Adodc3 is invalid.
Line 254: The property name Connect in Adodc3 is invalid.
Line 255: The property name OLEDBString in Adodc3 is invalid.
Line 256: The property name OLEDBFile in Adodc3 is invalid.
Line 257: The property name DataSourceName in Adodc3 is invalid.
Line 258: The property name OtherAttributes in Adodc3 is invalid.
Line 259: The property name UserName in Adodc3 is invalid.
Line 260: The property name Password in Adodc3 is invalid.
Line 261: The property name RecordSource in Adodc3 is invalid.
Line 262: The property name Caption in Adodc3 is invalid.
Line 272: The property name _Version in Adodc3 is invalid.
Line 280: The property name _ExtentX in Adodc2 is invalid.
Line 281: The property name _ExtentY in Adodc2 is invalid.
Line 282: The property name ConnectMode in Adodc2 is invalid.
Line 283: The property name CursorLocation in Adodc2 is invalid.
Line 284: The property name IsolationLevel in Adodc2 is invalid.
Line 285: The property name ConnectionTimeout in Adodc2 is invalid.
Line 286: The property name CommandTimeout in Adodc2 is invalid.
Line 287: The property name CursorType in Adodc2 is invalid.
Line 288: The property name LockType in Adodc2 is invalid.
Line 289: The property name CommandType in Adodc2 is invalid.
Line 290: The property name CursorOptions in Adodc2 is invalid.
Line 291: The property name CacheSize in Adodc2 is invalid.
Line 292: The property name MaxRecords in Adodc2 is invalid.
Line 293: The property name BOFAction in Adodc2 is invalid.
Line 294: The property name EOFAction in Adodc2 is invalid.
Line 295: The property name ConnectStringType in Adodc2 is invalid.
Line 299: The property name Orientation in Adodc2 is invalid.
Line 301: The property name Connect in Adodc2 is invalid.
Line 302: The property name OLEDBString in Adodc2 is invalid.
Line 303: The property name OLEDBFile in Adodc2 is invalid.
Line 304: The property name DataSourceName in Adodc2 is invalid.
Line 305: The property name OtherAttributes in Adodc2 is invalid.
Line 306: The property name UserName in Adodc2 is invalid.
Line 307: The property name Password in Adodc2 is invalid.
Line 308: The property name RecordSource in Adodc2 is invalid.
Line 309: The property name Caption in Adodc2 is invalid.
Line 319: The property name _Version in Adodc2 is invalid.
Line 327: The property name _ExtentX in Adodc1 is invalid.
Line 328: The property name _ExtentY in Adodc1 is invalid.
Line 329: The property name ConnectMode in Adodc1 is invalid.
Line 330: The property name CursorLocation in Adodc1 is invalid.
Line 331: The property name IsolationLevel in Adodc1 is invalid.
Line 332: The property name ConnectionTimeout in Adodc1 is invalid.
Line 333: The property name CommandTimeout in Adodc1 is invalid.
Line 334: The property name CursorType in Adodc1 is invalid.
Line 335: The property name LockType in Adodc1 is invalid.
Line 336: The property name CommandType in Adodc1 is invalid.
Line 337: The property name CursorOptions in Adodc1 is invalid.
Line 338: The property name CacheSize in Adodc1 is invalid.
Line 339: The property name MaxRecords in Adodc1 is invalid.
Line 340: The property name BOFAction in Adodc1 is invalid.
Line 341: The property name EOFAction in Adodc1 is invalid.
Line 342: The property name ConnectStringType in Adodc1 is invalid.
Line 346: The property name Orientation in Adodc1 is invalid.
Line 348: The property name Connect in Adodc1 is invalid.
Line 349: The property name OLEDBString in Adodc1 is invalid.
Line 350: The property name OLEDBFile in Adodc1 is invalid.
Line 351: The property name DataSourceName in Adodc1 is invalid.
Line 352: The property name OtherAttributes in Adodc1 is invalid.
Line 353: The property name UserName in Adodc1 is invalid.
Line 354: The property name Password in Adodc1 is invalid.
Line 355: The property name RecordSource in Adodc1 is invalid.
Line 356: The property name Caption in Adodc1 is invalid.
Line 366: The property name _Version in Adodc1 is invalid.
